This file contains any messages produced by compilers while
running configure, to aid debugging if configure makes a mistake.

It was created by Geranium Core configure 0.17.0, which was
generated by GNU Autoconf 2.69.  Invocation command line was

  $ ../configure 

## --------- ##
## Platform. ##
## --------- ##

hostname = manu
uname -m = x86_64
uname -r = 4.15.0-142-generic
uname -s = Linux
uname -v = #146~16.04.1-Ubuntu SMP Tue Apr 13 09:27:15 UTC 2021

/usr/bin/uname -p = unknown
/bin/uname -X     = unknown

/bin/arch              = unknown
/usr/bin/arch -k       = unknown
/usr/convex/getsysinfo = unknown
/usr/bin/hostinfo      = unknown
/bin/machine           = unknown
/usr/bin/oslevel       = unknown
/bin/universe          = unknown

PATH: /home/manu/bin
PATH: /home/manu/.local/bin
PATH: /usr/local/sbin
PATH: /usr/local/bin
PATH: /usr/sbin
PATH: /usr/bin
PATH: /sbin
PATH: /bin
PATH: /usr/games
PATH: /usr/local/games
PATH: /snap/bin


## ----------- ##
## Core tests. ##
## ----------- ##

configure:3090: checking build system type
configure:3104: result: x86_64-pc-linux-gnu
configure:3124: checking host system type
configure:3137: result: x86_64-pc-linux-gnu
configure:3180: checking for a BSD-compatible install
configure:3248: result: /usr/bin/install -c
configure:3259: checking whether build environment is sane
configure:3314: result: yes
configure:3465: checking for a thread-safe mkdir -p
configure:3504: result: /bin/mkdir -p
configure:3511: checking for gawk
configure:3541: result: no
configure:3511: checking for mawk
configure:3527: found /usr/bin/mawk
configure:3538: result: mawk
configure:3549: checking whether make sets $(MAKE)
configure:3571: result: yes
configure:3600: checking whether make supports nested variables
configure:3617: result: yes
configure:3634: error: source directory already configured; run "make distclean" there first

## ---------------- ##
## Cache variables. ##
## ---------------- ##

ac_cv_build=x86_64-pc-linux-gnu
ac_cv_env_ARFLAGS_set=
ac_cv_env_ARFLAGS_value=
ac_cv_env_BDB_CFLAGS_set=
ac_cv_env_BDB_CFLAGS_value=
ac_cv_env_BDB_LIBS_set=
ac_cv_env_BDB_LIBS_value=
ac_cv_env_CCC_set=
ac_cv_env_CCC_value=
ac_cv_env_CC_set=
ac_cv_env_CC_value=
ac_cv_env_CFLAGS_set=
ac_cv_env_CFLAGS_value=
ac_cv_env_CPPFLAGS_set=
ac_cv_env_CPPFLAGS_value=
ac_cv_env_CPP_set=
ac_cv_env_CPP_value=
ac_cv_env_CRYPTO_CFLAGS_set=
ac_cv_env_CRYPTO_CFLAGS_value=
ac_cv_env_CRYPTO_LIBS_set=
ac_cv_env_CRYPTO_LIBS_value=
ac_cv_env_CXXCPP_set=
ac_cv_env_CXXCPP_value=
ac_cv_env_CXXFLAGS_set=
ac_cv_env_CXXFLAGS_value=
ac_cv_env_CXX_set=
ac_cv_env_CXX_value=
ac_cv_env_EVENT_CFLAGS_set=
ac_cv_env_EVENT_CFLAGS_value=
ac_cv_env_EVENT_LIBS_set=
ac_cv_env_EVENT_LIBS_value=
ac_cv_env_EVENT_PTHREADS_CFLAGS_set=
ac_cv_env_EVENT_PTHREADS_CFLAGS_value=
ac_cv_env_EVENT_PTHREADS_LIBS_set=
ac_cv_env_EVENT_PTHREADS_LIBS_value=
ac_cv_env_LDFLAGS_set=
ac_cv_env_LDFLAGS_value=
ac_cv_env_LIBS_set=
ac_cv_env_LIBS_value=
ac_cv_env_LT_SYS_LIBRARY_PATH_set=
ac_cv_env_LT_SYS_LIBRARY_PATH_value=
ac_cv_env_OBJCXXFLAGS_set=
ac_cv_env_OBJCXXFLAGS_value=
ac_cv_env_OBJCXX_set=
ac_cv_env_OBJCXX_value=
ac_cv_env_PKG_CONFIG_LIBDIR_set=
ac_cv_env_PKG_CONFIG_LIBDIR_value=
ac_cv_env_PKG_CONFIG_PATH_set=
ac_cv_env_PKG_CONFIG_PATH_value=
ac_cv_env_PKG_CONFIG_set=
ac_cv_env_PKG_CONFIG_value=
ac_cv_env_PROTOBUF_CFLAGS_set=
ac_cv_env_PROTOBUF_CFLAGS_value=
ac_cv_env_PROTOBUF_LIBS_set=
ac_cv_env_PROTOBUF_LIBS_value=
ac_cv_env_PYTHONPATH_set=
ac_cv_env_PYTHONPATH_value=
ac_cv_env_QR_CFLAGS_set=
ac_cv_env_QR_CFLAGS_value=
ac_cv_env_QR_LIBS_set=
ac_cv_env_QR_LIBS_value=
ac_cv_env_QT5_CFLAGS_set=
ac_cv_env_QT5_CFLAGS_value=
ac_cv_env_QT5_LIBS_set=
ac_cv_env_QT5_LIBS_value=
ac_cv_env_QTACCESSIBILITY_CFLAGS_set=
ac_cv_env_QTACCESSIBILITY_CFLAGS_value=
ac_cv_env_QTACCESSIBILITY_LIBS_set=
ac_cv_env_QTACCESSIBILITY_LIBS_value=
ac_cv_env_QTCGL_CFLAGS_set=
ac_cv_env_QTCGL_CFLAGS_value=
ac_cv_env_QTCGL_LIBS_set=
ac_cv_env_QTCGL_LIBS_value=
ac_cv_env_QTCLIPBOARD_CFLAGS_set=
ac_cv_env_QTCLIPBOARD_CFLAGS_value=
ac_cv_env_QTCLIPBOARD_LIBS_set=
ac_cv_env_QTCLIPBOARD_LIBS_value=
ac_cv_env_QTDEVICEDISCOVERY_CFLAGS_set=
ac_cv_env_QTDEVICEDISCOVERY_CFLAGS_value=
ac_cv_env_QTDEVICEDISCOVERY_LIBS_set=
ac_cv_env_QTDEVICEDISCOVERY_LIBS_value=
ac_cv_env_QTEVENTDISPATCHER_CFLAGS_set=
ac_cv_env_QTEVENTDISPATCHER_CFLAGS_value=
ac_cv_env_QTEVENTDISPATCHER_LIBS_set=
ac_cv_env_QTEVENTDISPATCHER_LIBS_value=
ac_cv_env_QTFB_CFLAGS_set=
ac_cv_env_QTFB_CFLAGS_value=
ac_cv_env_QTFB_LIBS_set=
ac_cv_env_QTFB_LIBS_value=
ac_cv_env_QTFONTDATABASE_CFLAGS_set=
ac_cv_env_QTFONTDATABASE_CFLAGS_value=
ac_cv_env_QTFONTDATABASE_LIBS_set=
ac_cv_env_QTFONTDATABASE_LIBS_value=
ac_cv_env_QTGRAPHICS_CFLAGS_set=
ac_cv_env_QTGRAPHICS_CFLAGS_value=
ac_cv_env_QTGRAPHICS_LIBS_set=
ac_cv_env_QTGRAPHICS_LIBS_value=
ac_cv_env_QTPLATFORM_CFLAGS_set=
ac_cv_env_QTPLATFORM_CFLAGS_value=
ac_cv_env_QTPLATFORM_LIBS_set=
ac_cv_env_QTPLATFORM_LIBS_value=
ac_cv_env_QTTHEME_CFLAGS_set=
ac_cv_env_QTTHEME_CFLAGS_value=
ac_cv_env_QTTHEME_LIBS_set=
ac_cv_env_QTTHEME_LIBS_value=
ac_cv_env_QTXCBQPA_CFLAGS_set=
ac_cv_env_QTXCBQPA_CFLAGS_value=
ac_cv_env_QTXCBQPA_LIBS_set=
ac_cv_env_QTXCBQPA_LIBS_value=
ac_cv_env_QT_DBUS_CFLAGS_set=
ac_cv_env_QT_DBUS_CFLAGS_value=
ac_cv_env_QT_DBUS_LIBS_set=
ac_cv_env_QT_DBUS_LIBS_value=
ac_cv_env_QT_TEST_CFLAGS_set=
ac_cv_env_QT_TEST_CFLAGS_value=
ac_cv_env_QT_TEST_LIBS_set=
ac_cv_env_QT_TEST_LIBS_value=
ac_cv_env_SSL_CFLAGS_set=
ac_cv_env_SSL_CFLAGS_value=
ac_cv_env_SSL_LIBS_set=
ac_cv_env_SSL_LIBS_value=
ac_cv_env_UNIVALUE_CFLAGS_set=
ac_cv_env_UNIVALUE_CFLAGS_value=
ac_cv_env_UNIVALUE_LIBS_set=
ac_cv_env_UNIVALUE_LIBS_value=
ac_cv_env_X11XCB_CFLAGS_set=
ac_cv_env_X11XCB_CFLAGS_value=
ac_cv_env_X11XCB_LIBS_set=
ac_cv_env_X11XCB_LIBS_value=
ac_cv_env_ZMQ_CFLAGS_set=
ac_cv_env_ZMQ_CFLAGS_value=
ac_cv_env_ZMQ_LIBS_set=
ac_cv_env_ZMQ_LIBS_value=
ac_cv_env_build_alias_set=
ac_cv_env_build_alias_value=
ac_cv_env_host_alias_set=
ac_cv_env_host_alias_value=
ac_cv_env_target_alias_set=
ac_cv_env_target_alias_value=
ac_cv_host=x86_64-pc-linux-gnu
ac_cv_path_install='/usr/bin/install -c'
ac_cv_path_mkdir=/bin/mkdir
ac_cv_prog_AWK=mawk
ac_cv_prog_make_make_set=yes
am_cv_make_support_nested_variables=yes

## ----------------- ##
## Output variables. ##
## ----------------- ##

ACLOCAL=''
AMDEPBACKSLASH=''
AMDEP_FALSE=''
AMDEP_TRUE=''
AMTAR=''
AM_BACKSLASH='\'
AM_DEFAULT_V='$(AM_DEFAULT_VERBOSITY)'
AM_DEFAULT_VERBOSITY='1'
AM_V='$(V)'
AR=''
ARFLAGS='cr'
AUTOCONF=''
AUTOHEADER=''
AUTOMAKE=''
AVX2_CXXFLAGS=''
AWK='mawk'
BDB_CFLAGS=''
BDB_CPPFLAGS=''
BDB_LIBS=''
BOOST_CHRONO_LIB=''
BOOST_CPPFLAGS=''
BOOST_FILESYSTEM_LIB=''
BOOST_LDFLAGS=''
BOOST_LIBS=''
BOOST_SYSTEM_LIB=''
BOOST_THREAD_LIB=''
BOOST_UNIT_TEST_FRAMEWORK_LIB=''
BREW=''
BUILD_DARWIN_FALSE=''
BUILD_DARWIN_TRUE=''
BUILD_GERANIUMD_FALSE=''
BUILD_GERANIUMD_TRUE=''
BUILD_GERANIUM_LIBS_FALSE=''
BUILD_GERANIUM_LIBS_TRUE=''
BUILD_GERANIUM_UTILS_FALSE=''
BUILD_GERANIUM_UTILS_TRUE=''
CC=''
CCACHE=''
CCDEPMODE=''
CFLAGS=''
CLIENT_VERSION_BUILD=''
CLIENT_VERSION_IS_RELEASE=''
CLIENT_VERSION_MAJOR=''
CLIENT_VERSION_MINOR=''
CLIENT_VERSION_REVISION=''
COMPAT_LDFLAGS=''
COPYRIGHT_HOLDERS=''
COPYRIGHT_HOLDERS_FINAL=''
COPYRIGHT_HOLDERS_SUBSTITUTION=''
COPYRIGHT_YEAR=''
CPP=''
CPPFILT=''
CPPFLAGS=''
CRYPTO_CFLAGS=''
CRYPTO_LIBS=''
CXX=''
CXXCPP=''
CXXDEPMODE=''
CXXFLAGS=''
CYGPATH_W=''
DEBUG_CPPFLAGS=''
DEBUG_CXXFLAGS=''
DEFS=''
DEPDIR=''
DLLTOOL=''
DOXYGEN=''
DSYMUTIL=''
DUMPBIN=''
ECHO_C=''
ECHO_N='-n'
ECHO_T=''
EGREP=''
EMBEDDED_LEVELDB_FALSE=''
EMBEDDED_LEVELDB_TRUE=''
EMBEDDED_UNIVALUE_FALSE=''
EMBEDDED_UNIVALUE_TRUE=''
ENABLE_AVX2_FALSE=''
ENABLE_AVX2_TRUE=''
ENABLE_BENCH_FALSE=''
ENABLE_BENCH_TRUE=''
ENABLE_HWCRC32_FALSE=''
ENABLE_HWCRC32_TRUE=''
ENABLE_MAN_FALSE=''
ENABLE_MAN_TRUE=''
ENABLE_QT_FALSE=''
ENABLE_QT_TESTS_FALSE=''
ENABLE_QT_TESTS_TRUE=''
ENABLE_QT_TRUE=''
ENABLE_SHANI_FALSE=''
ENABLE_SHANI_TRUE=''
ENABLE_SSE41_FALSE=''
ENABLE_SSE41_TRUE=''
ENABLE_TESTS_FALSE=''
ENABLE_TESTS_TRUE=''
ENABLE_WALLET_FALSE=''
ENABLE_WALLET_TRUE=''
ENABLE_ZMQ_FALSE=''
ENABLE_ZMQ_TRUE=''
ERROR_CXXFLAGS=''
EVENT_CFLAGS=''
EVENT_LIBS=''
EVENT_PTHREADS_CFLAGS=''
EVENT_PTHREADS_LIBS=''
EXEEXT=''
EXTENDED_FUNCTIONAL_TESTS=''
FGREP=''
GCOV=''
GENHTML=''
GENISOIMAGE=''
GERANIUM_CLI_NAME='geranium-cli'
GERANIUM_DAEMON_NAME='geraniumd'
GERANIUM_GUI_NAME='geranium-qt'
GERANIUM_TX_NAME='geranium-tx'
GIT=''
GLIBC_BACK_COMPAT_FALSE=''
GLIBC_BACK_COMPAT_TRUE=''
GPROF_CXXFLAGS=''
GPROF_LDFLAGS=''
GREP=''
HARDENED_CPPFLAGS=''
HARDENED_CXXFLAGS=''
HARDENED_LDFLAGS=''
HARDEN_FALSE=''
HARDEN_TRUE=''
HAVE_CXX11=''
HAVE_DOXYGEN_FALSE=''
HAVE_DOXYGEN_TRUE=''
HEXDUMP=''
IMAGEMAGICK_CONVERT=''
INSTALLNAMETOOL=''
INSTALL_DATA='${INSTALL} -m 644'
INSTALL_PROGRAM='${INSTALL}'
INSTALL_SCRIPT='${INSTALL}'
INSTALL_STRIP_PROGRAM='$(install_sh) -c -s'
LCOV=''
LCOV_OPTS=''
LD=''
LDFLAGS=''
LEVELDB_CPPFLAGS=''
LEVELDB_TARGET_FLAGS=''
LIBLEVELDB=''
LIBMEMENV=''
LIBOBJS=''
LIBS=''
LIBTOOL=''
LIBTOOL_APP_LDFLAGS=''
LIPO=''
LN_S=''
LRELEASE=''
LTLIBOBJS=''
LT_SYS_LIBRARY_PATH=''
LUPDATE=''
MAINT=''
MAINTAINER_MODE_FALSE=''
MAINTAINER_MODE_TRUE=''
MAKEINFO=''
MAKENSIS=''
MANIFEST_TOOL=''
MINIUPNPC_CPPFLAGS=''
MINIUPNPC_LIBS=''
MKDIR_P='/bin/mkdir -p'
MOC=''
MOC_DEFS=''
NM=''
NMEDIT=''
NOWARN_CXXFLAGS=''
OBJCOPY=''
OBJCXX=''
OBJCXXDEPMODE=''
OBJCXXFLAGS=''
OBJDUMP=''
OBJEXT=''
OTOOL64=''
OTOOL=''
PACKAGE=''
PACKAGE_BUGREPORT='https://github.com/geranium/geranium/issues'
PACKAGE_NAME='Geranium Core'
PACKAGE_STRING='Geranium Core 0.17.0'
PACKAGE_TARNAME='geranium'
PACKAGE_URL='https://bitcoincore.org/'
PACKAGE_VERSION='0.17.0'
PATH_SEPARATOR=':'
PIC_FLAGS=''
PIE_FLAGS=''
PKG_CONFIG=''
PKG_CONFIG_LIBDIR=''
PKG_CONFIG_PATH=''
PORT=''
PROTOBUF_CFLAGS=''
PROTOBUF_LIBS=''
PROTOC=''
PTHREAD_CC=''
PTHREAD_CFLAGS=''
PTHREAD_LIBS=''
PYTHON=''
PYTHONPATH=''
QR_CFLAGS=''
QR_LIBS=''
QT5_CFLAGS=''
QT5_LIBS=''
QTACCESSIBILITY_CFLAGS=''
QTACCESSIBILITY_LIBS=''
QTCGL_CFLAGS=''
QTCGL_LIBS=''
QTCLIPBOARD_CFLAGS=''
QTCLIPBOARD_LIBS=''
QTDEVICEDISCOVERY_CFLAGS=''
QTDEVICEDISCOVERY_LIBS=''
QTEVENTDISPATCHER_CFLAGS=''
QTEVENTDISPATCHER_LIBS=''
QTFB_CFLAGS=''
QTFB_LIBS=''
QTFONTDATABASE_CFLAGS=''
QTFONTDATABASE_LIBS=''
QTGRAPHICS_CFLAGS=''
QTGRAPHICS_LIBS=''
QTPLATFORM_CFLAGS=''
QTPLATFORM_LIBS=''
QTTHEME_CFLAGS=''
QTTHEME_LIBS=''
QTXCBQPA_CFLAGS=''
QTXCBQPA_LIBS=''
QT_DBUS_CFLAGS=''
QT_DBUS_INCLUDES=''
QT_DBUS_LIBS=''
QT_INCLUDES=''
QT_LDFLAGS=''
QT_LIBS=''
QT_PIE_FLAGS=''
QT_SELECT=''
QT_TEST_CFLAGS=''
QT_TEST_INCLUDES=''
QT_TEST_LIBS=''
QT_TRANSLATION_DIR=''
RANLIB=''
RCC=''
READELF=''
RELDFLAGS=''
RSVG_CONVERT=''
SANITIZER_CXXFLAGS=''
SANITIZER_LDFLAGS=''
SED=''
SET_MAKE=''
SHANI_CXXFLAGS=''
SHELL='/bin/bash'
SSE41_CXXFLAGS=''
SSE42_CXXFLAGS=''
SSL_CFLAGS=''
SSL_LIBS=''
STRIP=''
TARGET_DARWIN_FALSE=''
TARGET_DARWIN_TRUE=''
TARGET_WINDOWS_FALSE=''
TARGET_WINDOWS_TRUE=''
TESTDEFS=''
TIFFCP=''
UIC=''
UNIVALUE_CFLAGS=''
UNIVALUE_LIBS=''
USE_ASM_FALSE=''
USE_ASM_TRUE=''
USE_LCOV_FALSE=''
USE_LCOV_TRUE=''
USE_QRCODE=''
USE_QRCODE_FALSE=''
USE_QRCODE_TRUE=''
USE_UPNP=''
VERSION=''
WARN_CXXFLAGS=''
WINDOWS_BITS=''
WINDRES=''
X11XCB_CFLAGS=''
X11XCB_LIBS=''
XGETTEXT=''
ZMQ_CFLAGS=''
ZMQ_LIBS=''
ac_ct_AR=''
ac_ct_CC=''
ac_ct_CXX=''
ac_ct_DUMPBIN=''
ac_ct_OBJCXX=''
am__EXEEXT_FALSE=''
am__EXEEXT_TRUE=''
am__fastdepCC_FALSE=''
am__fastdepCC_TRUE=''
am__fastdepCXX_FALSE=''
am__fastdepCXX_TRUE=''
am__fastdepOBJCXX_FALSE=''
am__fastdepOBJCXX_TRUE=''
am__include=''
am__isrc=' -I$(srcdir)'
am__leading_dot='.'
am__nodep=''
am__quote=''
am__tar=''
am__untar=''
ax_pthread_config=''
bindir='${exec_prefix}/bin'
build='x86_64-pc-linux-gnu'
build_alias=''
build_cpu='x86_64'
build_os='linux-gnu'
build_vendor='pc'
datadir='${datarootdir}'
datarootdir='${prefix}/share'
docdir='${datarootdir}/doc/${PACKAGE_TARNAME}'
dvidir='${docdir}'
exec_prefix='NONE'
host='x86_64-pc-linux-gnu'
host_alias=''
host_cpu='x86_64'
host_os='linux-gnu'
host_vendor='pc'
htmldir='${docdir}'
includedir='${prefix}/include'
infodir='${datarootdir}/info'
install_sh='${SHELL} /home/manu/Desktop/geranium-0.17/build-aux/install-sh'
libdir='${exec_prefix}/lib'
libexecdir='${exec_prefix}/libexec'
localedir='${datarootdir}/locale'
localstatedir='${prefix}/var'
mandir='${datarootdir}/man'
mkdir_p=''
oldincludedir='/usr/include'
pdfdir='${docdir}'
prefix='NONE'
program_transform_name='s,x,x,'
psdir='${docdir}'
runstatedir='${localstatedir}/run'
sbindir='${exec_prefix}/sbin'
sharedstatedir='${prefix}/com'
subdirs=''
sysconfdir='${prefix}/etc'
target_alias=''

## ----------- ##
## confdefs.h. ##
## ----------- ##

/* confdefs.h */
#define PACKAGE_NAME "Geranium Core"
#define PACKAGE_TARNAME "geranium"
#define PACKAGE_VERSION "0.17.0"
#define PACKAGE_STRING "Geranium Core 0.17.0"
#define PACKAGE_BUGREPORT "https://github.com/geranium/geranium/issues"
#define PACKAGE_URL "https://bitcoincore.org/"

configure: exit 1
